<?xml version="1.0" encoding="UTF-8"?>
<testsuite name="com.cibertec.msnotificaciones.MsNotificacionesApplicationTests" tests="1" skipped="0" failures="0" errors="0" timestamp="2026-05-30T02:09:53" hostname="Mac" time="0.359">
  <properties/>
  <testcase name="contextLoads()" classname="com.cibertec.msnotificaciones.MsNotificacionesApplicationTests" time="0.359"/>
  <system-out><![CDATA[21:09:50.085 [Test worker] INFO org.springframework.test.context.support.AnnotationConfigContextLoaderUtils -- Could not detect default configuration classes for test class [com.cibertec.msnotificaciones.MsNotificacionesApplicationTests]: MsNotificacionesApplicationTests does not declare any static, non-private, non-final, nested classes annotated with @Configuration.
21:09:50.147 [Test worker] INFO org.springframework.boot.test.context.SpringBootTestContextBootstrapper -- Found @SpringBootConfiguration com.cibertec.msnotificaciones.MsNotificacionesApplication for test class com.cibertec.msnotificaciones.MsNotificacionesApplicationTests

  .   ____          _            __ _ _
 /\\ / ___'_ __ _ _(_)_ __  __ _ \ \ \ \
( ( )\___ | '_ | '_| | '_ \/ _` | \ \ \ \
 \\/  ___)| |_)| | | | | || (_| |  ) ) ) )
  '  |____| .__|_| |_|_| |_\__, | / / / /
 =========|_|==============|___/=/_/_/_/
 :: Spring Boot ::                (v3.2.5)

2026-05-29T21:09:50.400-05:00  INFO 60551 --- [ms-notificaciones] [    Test worker] c.c.m.MsNotificacionesApplicationTests   : Starting MsNotificacionesApplicationTests using Java 17.0.13 with PID 60551 (started by ronaldcastillo in /Users/ronaldcastillo/Files/Dev/Cibertec/DESARROLLO-DE-APLICACIONES-WEB-II/practica-examen/ms-notificaciones)
2026-05-29T21:09:50.401-05:00  INFO 60551 --- [ms-notificaciones] [    Test worker] c.c.m.MsNotificacionesApplicationTests   : No active profile set, falling back to 1 default profile: "default"
2026-05-29T21:09:50.906-05:00  INFO 60551 --- [ms-notificaciones] [    Test worker] .s.d.r.c.RepositoryConfigurationDelegate : Bootstrapping Spring Data JPA repositories in DEFAULT mode.
2026-05-29T21:09:50.949-05:00  INFO 60551 --- [ms-notificaciones] [    Test worker] .s.d.r.c.RepositoryConfigurationDelegate : Finished Spring Data repository scanning in 35 ms. Found 3 JPA repository interfaces.
2026-05-29T21:09:51.307-05:00  INFO 60551 --- [ms-notificaciones] [    Test worker] o.hibernate.jpa.internal.util.LogHelper  : HHH000204: Processing PersistenceUnitInfo [name: default]
2026-05-29T21:09:51.342-05:00  INFO 60551 --- [ms-notificaciones] [    Test worker] org.hibernate.Version                    : HHH000412: Hibernate ORM core version 6.4.4.Final
2026-05-29T21:09:51.363-05:00  INFO 60551 --- [ms-notificaciones] [    Test worker] o.h.c.internal.RegionFactoryInitiator    : HHH000026: Second-level cache disabled
2026-05-29T21:09:51.520-05:00  INFO 60551 --- [ms-notificaciones] [    Test worker] o.s.o.j.p.SpringPersistenceUnitInfo      : No LoadTimeWeaver setup: ignoring JPA class transformer
2026-05-29T21:09:51.535-05:00  INFO 60551 --- [ms-notificaciones] [    Test worker] com.zaxxer.hikari.HikariDataSource       : HikariPool-1 - Starting...
2026-05-29T21:09:51.619-05:00  INFO 60551 --- [ms-notificaciones] [    Test worker] com.zaxxer.hikari.pool.HikariPool        : HikariPool-1 - Added connection com.mysql.cj.jdbc.ConnectionImpl@2c2a7d53
2026-05-29T21:09:51.621-05:00  INFO 60551 --- [ms-notificaciones] [    Test worker] com.zaxxer.hikari.HikariDataSource       : HikariPool-1 - Start completed.
2026-05-29T21:09:52.207-05:00  INFO 60551 --- [ms-notificaciones] [    Test worker] o.h.e.t.j.p.i.JtaPlatformInitiator       : HHH000489: No JTA platform available (set 'hibernate.transaction.jta.platform' to enable JTA platform integration)
2026-05-29T21:09:52.261-05:00  INFO 60551 --- [ms-notificaciones] [    Test worker] j.LocalContainerEntityManagerFactoryBean : Initialized JPA EntityManagerFactory for persistence unit 'default'
2026-05-29T21:09:52.905-05:00  WARN 60551 --- [ms-notificaciones] [    Test worker] JpaBaseConfiguration$JpaWebConfiguration : spring.jpa.open-in-view is enabled by default. Therefore, database queries may be performed during view rendering. Explicitly configure spring.jpa.open-in-view to disable this warning
2026-05-29T21:09:53.191-05:00  INFO 60551 --- [ms-notificaciones] [    Test worker] c.c.m.MsNotificacionesApplicationTests   : Started MsNotificacionesApplicationTests in 2.958 seconds (process running for 3.709)
Hibernate: select count(*) from products p1_0
]]></system-out>
  <system-err><![CDATA[]]></system-err>
</testsuite>
